2025-10-30T10:55:13.943132800+01:00 [INFO] [system:system | System] Placed luggage BG998877 at CONVEYOR-1
2025-10-30T10:55:13.946133400+01:00 [INFO] [system:system | System] Placed luggage BG111222 at VEHICLE:TUG-07
2025-10-30T10:55:13.954134400+01:00 [INFO] [system:system | System] Enqueued Task{id='T1', type=LOAD, status=PENDING, payload={flight=LH123, bag=BG998877}}
2025-10-30T10:55:13.955136500+01:00 [INFO] [system:system | System] Enqueued Task{id='T2', type=TRANSFER, status=PENDING, payload={from=CONVEYOR-1, to=VEHICLE:TUG-07}}
2025-10-30T10:55:13.961139400+01:00 [INFO] [system:system | System] System started
2025-10-30T10:55:13.964134800+01:00 [ERROR] [system:system | System] Demo error: testing log levels
2025-10-30T10:57:04.552681800+01:00 [INFO] [system:system | System] Placed luggage BG998877 at CONVEYOR-1
2025-10-30T10:57:04.555680300+01:00 [INFO] [system:system | System] Placed luggage BG111222 at VEHICLE:TUG-07
2025-10-30T10:57:04.565683+01:00 [INFO] [system:system | System] Enqueued Task{id='T1', type=LOAD, status=PENDING, payload={flight=LH123, bag=BG998877}}
2025-10-30T10:57:04.566681300+01:00 [INFO] [system:system | System] Enqueued Task{id='T2', type=TRANSFER, status=PENDING, payload={from=CONVEYOR-1, to=VEHICLE:TUG-07}}
2025-10-30T10:57:04.581682400+01:00 [INFO] [system:system | System] System started
2025-10-30T10:57:04.584681200+01:00 [ERROR] [system:system | System] Demo error: testing log levels
2025-10-30T10:59:22.793393500+01:00 [INFO] [system:system | System] Placed luggage BG998877 at CONVEYOR-1
2025-10-30T10:59:22.796391700+01:00 [INFO] [system:system | System] Placed luggage BG111222 at VEHICLE:TUG-07
2025-10-30T10:59:22.806397300+01:00 [INFO] [system:system | System] Enqueued Task{id='T1', type=LOAD, status=PENDING, payload={flight=LH123, bag=BG998877}}
2025-10-30T10:59:22.808392200+01:00 [INFO] [system:system | System] Enqueued Task{id='T2', type=TRANSFER, status=PENDING, payload={from=CONVEYOR-1, to=VEHICLE:TUG-07}}
2025-10-30T10:59:22.815390500+01:00 [INFO] [system:system | System] System started
2025-10-30T10:59:22.820393400+01:00 [ERROR] [system:system | System] Demo error: testing log levels
2025-10-30T11:00:18.369694100+01:00 [INFO] [system:system | System] Placed luggage BG998877 at CONVEYOR-1
2025-10-30T11:00:18.371687400+01:00 [INFO] [system:system | System] Placed luggage BG111222 at VEHICLE:TUG-07
2025-10-30T11:00:18.379689500+01:00 [INFO] [system:system | System] Enqueued Task{id='T1', type=LOAD, status=PENDING, payload={flight=LH123, bag=BG998877}}
2025-10-30T11:00:18.380688300+01:00 [INFO] [system:system | System] Enqueued Task{id='T2', type=TRANSFER, status=PENDING, payload={from=CONVEYOR-1, to=VEHICLE:TUG-07}}
2025-10-30T11:00:18.385690300+01:00 [INFO] [system:system | System] System started
2025-10-30T11:00:18.387706500+01:00 [ERROR] [system:system | System] Demo error: testing log levels
2025-10-30T11:35:49.015424500+01:00 [INFO] [system:system | System] Placed luggage BG998877 at CONVEYOR-1
2025-10-30T11:35:49.017426500+01:00 [INFO] [system:system | System] Placed luggage BG111222 at VEHICLE:TUG-07
2025-10-30T11:35:49.023427400+01:00 [INFO] [system:system | System] Enqueued Task{id='T1', type=LOAD, status=PENDING, payload={flight=LH123, bag=BG998877}}
2025-10-30T11:35:49.024428500+01:00 [INFO] [system:system | System] Enqueued Task{id='T2', type=TRANSFER, status=PENDING, payload={from=CONVEYOR-1, to=VEHICLE:TUG-07}}
2025-10-30T11:35:49.029463900+01:00 [INFO] [system:system | System] System started
2025-10-30T11:35:49.031463500+01:00 [ERROR] [system:system | System] Demo error: testing log levels
